-------------------------------------------------------------------------------
Test set: com.example.springboot.ApplicationTests
-------------------------------------------------------------------------------
Tests run: 1, Failures: 0, Errors: 1, Skipped: 0, Time elapsed: 1.172 s <<< FAILURE! - in com.example.springboot.ApplicationTests
contextLoads  Time elapsed: 0.001 s  <<< ERROR!
java.lang.IllegalStateException: Failed to load ApplicationContext
Caused by: org.springframework.beans.factory.UnsatisfiedDependencyException: Error creating bean with name 'jwtInterceptor': Unsatisfied dependency expressed through field 'adminService'; nested exception is org.springframework.beans.factory.UnsatisfiedDependencyException: Error creating bean with name 'adminServiceImpl': Unsatisfied dependency expressed through field 'adminmapper'; nested exception is org.springframework.beans.factory.BeanCreationException: Error creating bean with name 'adminMapper' defined in file [H:\Code\mymall\springBoot\target\classes\com\example\springboot\mapper\AdminMapper.class]: Cannot resolve reference to bean 'sqlSessionTemplate' while setting bean property 'sqlSessionTemplate'; nested exception is org.springframework.beans.factory.UnsatisfiedDependencyException: Error creating bean with name 'sqlSessionTemplate' defined in class path resource [org/mybatis/spring/boot/autoconfigure/MybatisAutoConfiguration.class]: Unsatisfied dependency expressed through method 'sqlSessionTemplate' parameter 0; nested exception is org.springframework.beans.factory.BeanCreationException: Error creating bean with name 'sqlSessionFactory' defined in class path resource [org/mybatis/spring/boot/autoconfigure/MybatisAutoConfiguration.class]: Bean instantiation via factory method failed; nested exception is org.springframework.beans.BeanInstantiationException: Failed to instantiate [org.apache.ibatis.session.SqlSessionFactory]: Factory method 'sqlSessionFactory' threw exception; nested exception is java.io.IOException: Failed to parse mapping resource: 'file [H:\Code\mymall\springBoot\target\classes\mapper\AddressMapper.xml]'
Caused by: org.springframework.beans.factory.UnsatisfiedDependencyException: Error creating bean with name 'adminServiceImpl': Unsatisfied dependency expressed through field 'adminmapper'; nested exception is org.springframework.beans.factory.BeanCreationException: Error creating bean with name 'adminMapper' defined in file [H:\Code\mymall\springBoot\target\classes\com\example\springboot\mapper\AdminMapper.class]: Cannot resolve reference to bean 'sqlSessionTemplate' while setting bean property 'sqlSessionTemplate'; nested exception is org.springframework.beans.factory.UnsatisfiedDependencyException: Error creating bean with name 'sqlSessionTemplate' defined in class path resource [org/mybatis/spring/boot/autoconfigure/MybatisAutoConfiguration.class]: Unsatisfied dependency expressed through method 'sqlSessionTemplate' parameter 0; nested exception is org.springframework.beans.factory.BeanCreationException: Error creating bean with name 'sqlSessionFactory' defined in class path resource [org/mybatis/spring/boot/autoconfigure/MybatisAutoConfiguration.class]: Bean instantiation via factory method failed; nested exception is org.springframework.beans.BeanInstantiationException: Failed to instantiate [org.apache.ibatis.session.SqlSessionFactory]: Factory method 'sqlSessionFactory' threw exception; nested exception is java.io.IOException: Failed to parse mapping resource: 'file [H:\Code\mymall\springBoot\target\classes\mapper\AddressMapper.xml]'
Caused by: org.springframework.beans.factory.BeanCreationException: Error creating bean with name 'adminMapper' defined in file [H:\Code\mymall\springBoot\target\classes\com\example\springboot\mapper\AdminMapper.class]: Cannot resolve reference to bean 'sqlSessionTemplate' while setting bean property 'sqlSessionTemplate'; nested exception is org.springframework.beans.factory.UnsatisfiedDependencyException: Error creating bean with name 'sqlSessionTemplate' defined in class path resource [org/mybatis/spring/boot/autoconfigure/MybatisAutoConfiguration.class]: Unsatisfied dependency expressed through method 'sqlSessionTemplate' parameter 0; nested exception is org.springframework.beans.factory.BeanCreationException: Error creating bean with name 'sqlSessionFactory' defined in class path resource [org/mybatis/spring/boot/autoconfigure/MybatisAutoConfiguration.class]: Bean instantiation via factory method failed; nested exception is org.springframework.beans.BeanInstantiationException: Failed to instantiate [org.apache.ibatis.session.SqlSessionFactory]: Factory method 'sqlSessionFactory' threw exception; nested exception is java.io.IOException: Failed to parse mapping resource: 'file [H:\Code\mymall\springBoot\target\classes\mapper\AddressMapper.xml]'
Caused by: org.springframework.beans.factory.UnsatisfiedDependencyException: Error creating bean with name 'sqlSessionTemplate' defined in class path resource [org/mybatis/spring/boot/autoconfigure/MybatisAutoConfiguration.class]: Unsatisfied dependency expressed through method 'sqlSessionTemplate' parameter 0; nested exception is org.springframework.beans.factory.BeanCreationException: Error creating bean with name 'sqlSessionFactory' defined in class path resource [org/mybatis/spring/boot/autoconfigure/MybatisAutoConfiguration.class]: Bean instantiation via factory method failed; nested exception is org.springframework.beans.BeanInstantiationException: Failed to instantiate [org.apache.ibatis.session.SqlSessionFactory]: Factory method 'sqlSessionFactory' threw exception; nested exception is java.io.IOException: Failed to parse mapping resource: 'file [H:\Code\mymall\springBoot\target\classes\mapper\AddressMapper.xml]'
Caused by: org.springframework.beans.factory.BeanCreationException: Error creating bean with name 'sqlSessionFactory' defined in class path resource [org/mybatis/spring/boot/autoconfigure/MybatisAutoConfiguration.class]: Bean instantiation via factory method failed; nested exception is org.springframework.beans.BeanInstantiationException: Failed to instantiate [org.apache.ibatis.session.SqlSessionFactory]: Factory method 'sqlSessionFactory' threw exception; nested exception is java.io.IOException: Failed to parse mapping resource: 'file [H:\Code\mymall\springBoot\target\classes\mapper\AddressMapper.xml]'
Caused by: org.springframework.beans.BeanInstantiationException: Failed to instantiate [org.apache.ibatis.session.SqlSessionFactory]: Factory method 'sqlSessionFactory' threw exception; nested exception is java.io.IOException: Failed to parse mapping resource: 'file [H:\Code\mymall\springBoot\target\classes\mapper\AddressMapper.xml]'
Caused by: java.io.IOException: Failed to parse mapping resource: 'file [H:\Code\mymall\springBoot\target\classes\mapper\AddressMapper.xml]'
Caused by: org.apache.ibatis.builder.BuilderException: Error parsing Mapper XML. The XML location is 'file [H:\Code\mymall\springBoot\target\classes\mapper\AddressMapper.xml]'. Cause: org.apache.ibatis.builder.BuilderException: Parsing error was found in mapping #{linkUser, #{linkAddress}.  Check syntax #{property|(expression), var1=value1, var2=value2, ...} 
Caused by: org.apache.ibatis.builder.BuilderException: Parsing error was found in mapping #{linkUser, #{linkAddress}.  Check syntax #{property|(expression), var1=value1, var2=value2, ...} 
Caused by: java.lang.StringIndexOutOfBoundsException: String index out of range: 24

